<?xml version="1.0" encoding="UTF-8"?>
<!-- Generated by org.testng.reporters.JUnitReportReporter -->
<testsuite hostname="DESKTOP-50MHMES" failures="0" tests="2" name="homework.ch11_13.CompositeIteratorTest" time="0.000" errors="0" timestamp="15 4月 2021 13:26:20 GMT" skipped="0">
  <testcase classname="homework.ch11_13.CompositeIteratorTest" name="testHasNext" time="0.000"/>
  <testcase classname="homework.ch11_13.CompositeIteratorTest" name="testNext" time="0.000"/>
</testsuite> <!-- homework.ch11_13.CompositeIteratorTest -->
