<?xml version="1.0" encoding="UTF-8"?>
<!-- Generated by org.testng.reporters.JUnitReportReporter -->
<testsuite hostname="DESKTOP-50MHMES" failures="0" tests="15" name="homework.ch11_13.StudentTest" time="0.007" errors="0" timestamp="17 4月 2021 02:37:59 GMT" skipped="0">
  <testcase classname="homework.ch11_13.StudentTest" name="testTestEquals" time="0.001"/>
  <testcase classname="homework.ch11_13.StudentTest" name="testTestEquals" time="0.000"/>
  <testcase classname="homework.ch11_13.StudentTest" name="testTestToString" time="0.005"/>
  <testcase classname="homework.ch11_13.StudentTest" name="testSetStudentId" time="0.000"/>
  <testcase classname="homework.ch11_13.StudentTest" name="testGetStudentId" time="0.001"/>
  <testcase classname="homework.ch11_13.StudentTest" name="testGetClassNo" time="0.000"/>
  <testcase classname="homework.ch11_13.StudentTest" name="testTestEquals" time="0.000"/>
  <testcase classname="homework.ch11_13.StudentTest" name="testGetDepartment" time="0.000"/>
  <testcase classname="homework.ch11_13.StudentTest" name="testTestEquals" time="0.000"/>
  <testcase classname="homework.ch11_13.StudentTest" name="testTestClone" time="0.000"/>
  <testcase classname="homework.ch11_13.StudentTest" name="testTestEquals" time="0.000"/>
  <testcase classname="homework.ch11_13.StudentTest" name="testTestEquals" time="0.000"/>
  <testcase classname="homework.ch11_13.StudentTest" name="testSetDepartment" time="0.000"/>
  <testcase classname="homework.ch11_13.StudentTest" name="testSetClassNo" time="0.000"/>
  <testcase classname="homework.ch11_13.StudentTest" name="testTestEquals" time="0.000"/>
</testsuite> <!-- homework.ch11_13.StudentTest -->
